Analysis & Synthesis report for sonars_de0
Wed Feb 23 23:04:00 2022
Quartus Prime Version 18.1.0 Build 625 09/12/2018 SJ Lite Edition


---------------------
; Table of Contents ;
---------------------
  1. Legal Notice
  2. Analysis & Synthesis Summary
  3. Analysis & Synthesis Settings
  4. Parallel Compilation
  5. Analysis & Synthesis Source Files Read
  6. Analysis & Synthesis Resource Usage Summary
  7. Analysis & Synthesis Resource Utilization by Entity
  8. State Machine - |sonar_FSM|state
  9. Registers Removed During Synthesis
 10. General Register Statistics
 11. Multiplexer Restructuring Statistics (Restructuring Performed)
 12. Parameter Settings for User Entity Instance: Top-level Entity: |sonar_FSM
 13. Port Connectivity Checks: "sonar:Sonar01|full_adder14:FA140"
 14. Port Connectivity Checks: "sonar:Sonar01|full_adder5:FA50"
 15. Post-Synthesis Netlist Statistics for Top Partition
 16. Elapsed Time Per Partition
 17. Analysis & Synthesis Messages
 18. Analysis & Synthesis Suppressed Messages



----------------
; Legal Notice ;
----------------
Copyright (C) 2018  Intel Corporation. All rights reserved.
Your use of Intel Corporation's design tools, logic functions 
and other software and tools, and its AMPP partner logic 
functions, and any output files from any of the foregoing 
(including device programming or simulation files), and any 
associated documentation or information are expressly subject 
to the terms and conditions of the Intel Program License 
Subscription Agreement, the Intel Quartus Prime License Agreement,
the Intel FPGA IP License Agreement, or other applicable license
agreement, including, without limitation, that your use is for
the sole purpose of programming logic devices manufactured by
Intel and sold by Intel or its authorized distributors.  Please
refer to the applicable agreement for further details.



+----------------------------------------------------------------------------------+
; Analysis & Synthesis Summary                                                     ;
+------------------------------------+---------------------------------------------+
; Analysis & Synthesis Status        ; Successful - Wed Feb 23 23:04:00 2022       ;
; Quartus Prime Version              ; 18.1.0 Build 625 09/12/2018 SJ Lite Edition ;
; Revision Name                      ; sonars_de0                                  ;
; Top-level Entity Name              ; sonar_FSM                                   ;
; Family                             ; Cyclone IV E                                ;
; Total logic elements               ; 50                                          ;
;     Total combinational functions  ; 50                                          ;
;     Dedicated logic registers      ; 37                                          ;
; Total registers                    ; 37                                          ;
; Total pins                         ; 20                                          ;
; Total virtual pins                 ; 0                                           ;
; Total memory bits                  ; 0                                           ;
; Embedded Multiplier 9-bit elements ; 0                                           ;
; Total PLLs                         ; 0                                           ;
+------------------------------------+---------------------------------------------+


+------------------------------------------------------------------------------------------------------------+
; Analysis & Synthesis Settings                                                                              ;
+------------------------------------------------------------------+--------------------+--------------------+
; Option                                                           ; Setting            ; Default Value      ;
+------------------------------------------------------------------+--------------------+--------------------+
; Device                                                           ; EP4CE22F17C6       ;                    ;
; Top-level entity name                                            ; sonar_FSM          ; sonars_de0         ;
; Family name                                                      ; Cyclone IV E       ; Cyclone V          ;
; Use smart compilation                                            ; Off                ; Off                ;
; Enable parallel Assembler and Timing Analyzer during compilation ; On                 ; On                 ;
; Enable compact report table                                      ; Off                ; Off                ;
; Restructure Multiplexers                                         ; Auto               ; Auto               ;
; Create Debugging Nodes for IP Cores                              ; Off                ; Off                ;
; Preserve fewer node names                                        ; On                 ; On                 ;
; Intel FPGA IP Evaluation Mode                                    ; Enable             ; Enable             ;
; Verilog Version                                                  ; Verilog_2001       ; Verilog_2001       ;
; VHDL Version                                                     ; VHDL_1993          ; VHDL_1993          ;
; State Machine Processing                                         ; Auto               ; Auto               ;
; Safe State Machine                                               ; Off                ; Off                ;
; Extract Verilog State Machines                                   ; On                 ; On                 ;
; Extract VHDL State Machines                                      ; On                 ; On                 ;
; Ignore Verilog initial constructs                                ; Off                ; Off                ;
; Iteration limit for constant Verilog loops                       ; 5000               ; 5000               ;
; Iteration limit for non-constant Verilog loops                   ; 250                ; 250                ;
; Add Pass-Through Logic to Inferred RAMs                          ; On                 ; On                 ;
; Infer RAMs from Raw Logic                                        ; On                 ; On                 ;
; Parallel Synthesis                                               ; On                 ; On                 ;
; DSP Block Balancing                                              ; Auto               ; Auto               ;
; NOT Gate Push-Back                                               ; On                 ; On                 ;
; Power-Up Don't Care                                              ; On                 ; On                 ;
; Remove Redundant Logic Cells                                     ; Off                ; Off                ;
; Remove Duplicate Registers                                       ; On                 ; On                 ;
; Ignore CARRY Buffers                                             ; Off                ; Off                ;
; Ignore CASCADE Buffers                                           ; Off                ; Off                ;
; Ignore GLOBAL Buffers                                            ; Off                ; Off                ;
; Ignore ROW GLOBAL Buffers                                        ; Off                ; Off                ;
; Ignore LCELL Buffers                                             ; Off                ; Off                ;
; Ignore SOFT Buffers                                              ; On                 ; On                 ;
; Limit AHDL Integers to 32 Bits                                   ; Off                ; Off                ;
; Optimization Technique                                           ; Balanced           ; Balanced           ;
; Carry Chain Length                                               ; 70                 ; 70                 ;
; Auto Carry Chains                                                ; On                 ; On                 ;
; Auto Open-Drain Pins                                             ; On                 ; On                 ;
; Perform WYSIWYG Primitive Resynthesis                            ; Off                ; Off                ;
; Auto ROM Replacement                                             ; On                 ; On                 ;
; Auto RAM Replacement                                             ; On                 ; On                 ;
; Auto DSP Block Replacement                                       ; On                 ; On                 ;
; Auto Shift Register Replacement                                  ; Auto               ; Auto               ;
; Allow Shift Register Merging across Hierarchies                  ; Auto               ; Auto               ;
; Auto Clock Enable Replacement                                    ; On                 ; On                 ;
; Strict RAM Replacement                                           ; Off                ; Off                ;
; Allow Synchronous Control Signals                                ; On                 ; On                 ;
; Force Use of Synchronous Clear Signals                           ; Off                ; Off                ;
; Auto RAM Block Balancing                                         ; On                 ; On                 ;
; Auto RAM to Logic Cell Conversion                                ; Off                ; Off                ;
; Auto Resource Sharing                                            ; Off                ; Off                ;
; Allow Any RAM Size For Recognition                               ; Off                ; Off                ;
; Allow Any ROM Size For Recognition                               ; Off                ; Off                ;
; Allow Any Shift Register Size For Recognition                    ; Off                ; Off                ;
; Use LogicLock Constraints during Resource Balancing              ; On                 ; On                 ;
; Ignore translate_off and synthesis_off directives                ; Off                ; Off                ;
; Timing-Driven Synthesis                                          ; On                 ; On                 ;
; Report Parameter Settings                                        ; On                 ; On                 ;
; Report Source Assignments                                        ; On                 ; On                 ;
; Report Connectivity Checks                                       ; On                 ; On                 ;
; Ignore Maximum Fan-Out Assignments                               ; Off                ; Off                ;
; Synchronization Register Chain Length                            ; 2                  ; 2                  ;
; Power Optimization During Synthesis                              ; Normal compilation ; Normal compilation ;
; HDL message level                                                ; Level2             ; Level2             ;
; Suppress Register Optimization Related Messages                  ; Off                ; Off                ;
; Number of Removed Registers Reported in Synthesis Report         ; 5000               ; 5000               ;
; Number of Swept Nodes Reported in Synthesis Report               ; 5000               ; 5000               ;
; Number of Inverted Registers Reported in Synthesis Report        ; 100                ; 100                ;
; Clock MUX Protection                                             ; On                 ; On                 ;
; Auto Gated Clock Conversion                                      ; Off                ; Off                ;
; Block Design Naming                                              ; Auto               ; Auto               ;
; SDC constraint protection                                        ; Off                ; Off                ;
; Synthesis Effort                                                 ; Auto               ; Auto               ;
; Shift Register Replacement - Allow Asynchronous Clear Signal     ; On                 ; On                 ;
; Pre-Mapping Resynthesis Optimization                             ; Off                ; Off                ;
; Analysis & Synthesis Message Level                               ; Medium             ; Medium             ;
; Disable Register Merging Across Hierarchies                      ; Auto               ; Auto               ;
; Resource Aware Inference For Block RAM                           ; On                 ; On                 ;
+------------------------------------------------------------------+--------------------+--------------------+


+------------------------------------------+
; Parallel Compilation                     ;
+----------------------------+-------------+
; Processors                 ; Number      ;
+----------------------------+-------------+
; Number detected on machine ; 8           ;
; Maximum allowed            ; 4           ;
;                            ;             ;
; Average used               ; 1.00        ;
; Maximum used               ; 4           ;
;                            ;             ;
; Usage by Processor         ; % Time Used ;
;     Processor 1            ; 100.0%      ;
;     Processor 2            ;   0.0%      ;
;     Processors 3-4         ;   0.0%      ;
+----------------------------+-------------+


+------------------------------------------------------------------------------------------------------------------------------------------------------------------------------------------+
; Analysis & Synthesis Source Files Read                                                                                                                                                   ;
+----------------------------------+-----------------+------------------------------+--------------------------------------------------------------------------------------------+---------+
; File Name with User-Entered Path ; Used in Netlist ; File Type                    ; File Name with Absolute Path                                                               ; Library ;
+----------------------------------+-----------------+------------------------------+--------------------------------------------------------------------------------------------+---------+
; sonar_FSM.sv                     ; yes             ; User SystemVerilog HDL File  ; C:/Users/Insomniaque/Desktop/UCL/Epl/M1-Q2/projet eleme/sensors_blocks/sonar_FSM.sv        ;         ;
; full_adder5.sv                   ; yes             ; User SystemVerilog HDL File  ; C:/Users/Insomniaque/Desktop/UCL/Epl/M1-Q2/projet eleme/sensors_blocks/full_adder5.sv      ;         ;
; full_adder14.sv                  ; yes             ; User SystemVerilog HDL File  ; C:/Users/Insomniaque/Desktop/UCL/Epl/M1-Q2/projet eleme/sensors_blocks/full_adder14.sv     ;         ;
; sonar.sv                         ; yes             ; User SystemVerilog HDL File  ; C:/Users/Insomniaque/Desktop/UCL/Epl/M1-Q2/projet eleme/sensors_blocks/sonar.sv            ;         ;
; full_adder8.sv                   ; yes             ; User SystemVerilog HDL File  ; C:/Users/Insomniaque/Desktop/UCL/Epl/M1-Q2/projet eleme/sensors_blocks/full_adder8.sv      ;         ;
; full_adder_1_bit.sv              ; yes             ; User SystemVerilog HDL File  ; C:/Users/Insomniaque/Desktop/UCL/Epl/M1-Q2/projet eleme/sensors_blocks/full_adder_1_bit.sv ;         ;
+----------------------------------+-----------------+------------------------------+--------------------------------------------------------------------------------------------+---------+


+---------------------------------------------------------+
; Analysis & Synthesis Resource Usage Summary             ;
+---------------------------------------------+-----------+
; Resource                                    ; Usage     ;
+---------------------------------------------+-----------+
; Estimated Total logic elements              ; 50        ;
;                                             ;           ;
; Total combinational functions               ; 50        ;
; Logic element usage by number of LUT inputs ;           ;
;     -- 4 input functions                    ; 21        ;
;     -- 3 input functions                    ; 22        ;
;     -- <=2 input functions                  ; 7         ;
;                                             ;           ;
; Logic elements by mode                      ;           ;
;     -- normal mode                          ; 50        ;
;     -- arithmetic mode                      ; 0         ;
;                                             ;           ;
; Total registers                             ; 37        ;
;     -- Dedicated logic registers            ; 37        ;
;     -- I/O registers                        ; 0         ;
;                                             ;           ;
; I/O pins                                    ; 20        ;
;                                             ;           ;
; Embedded Multiplier 9-bit elements          ; 0         ;
;                                             ;           ;
; Maximum fan-out node                        ; clk~input ;
; Maximum fan-out                             ; 23        ;
; Total fan-out                               ; 287       ;
; Average fan-out                             ; 2.26      ;
+---------------------------------------------+-----------+


+-------------------------------------------------------------------------------------------------------------------------------------------------------------------------------------------------------------------------------------------------------------------------------------+
; Analysis & Synthesis Resource Utilization by Entity                                                                                                                                                                                                                                 ;
+------------------------------------+---------------------+---------------------------+-------------+--------------+---------+-----------+------+--------------+-----------------------------------------------------------------------------------+------------------+--------------+
; Compilation Hierarchy Node         ; Combinational ALUTs ; Dedicated Logic Registers ; Memory Bits ; DSP Elements ; DSP 9x9 ; DSP 18x18 ; Pins ; Virtual Pins ; Full Hierarchy Name                                                               ; Entity Name      ; Library Name ;
+------------------------------------+---------------------+---------------------------+-------------+--------------+---------+-----------+------+--------------+-----------------------------------------------------------------------------------+------------------+--------------+
; |sonar_FSM                         ; 50 (9)              ; 37 (4)                    ; 0           ; 0            ; 0       ; 0         ; 20   ; 0            ; |sonar_FSM                                                                        ; sonar_FSM        ; work         ;
;    |sonar:Sonar01|                 ; 41 (21)             ; 33 (19)                   ; 0           ; 0            ; 0       ; 0         ; 0    ; 0            ; |sonar_FSM|sonar:Sonar01                                                          ; sonar            ; work         ;
;       |full_adder14:FA140|         ; 18 (0)              ; 0 (0)                     ; 0           ; 0            ; 0       ; 0         ; 0    ; 0            ; |sonar_FSM|sonar:Sonar01|full_adder14:FA140                                       ; full_adder14     ; work         ;
;          |full_adder5:FA50|        ; 8 (0)               ; 0 (0)                     ; 0           ; 0            ; 0       ; 0         ; 0    ; 0            ; |sonar_FSM|sonar:Sonar01|full_adder14:FA140|full_adder5:FA50                      ; full_adder5      ; work         ;
;             |full_adder_1_bit:FA0| ; 1 (1)               ; 0 (0)                     ; 0           ; 0            ; 0       ; 0         ; 0    ; 0            ; |sonar_FSM|sonar:Sonar01|full_adder14:FA140|full_adder5:FA50|full_adder_1_bit:FA0 ; full_adder_1_bit ; work         ;
;             |full_adder_1_bit:FA1| ; 3 (3)               ; 0 (0)                     ; 0           ; 0            ; 0       ; 0         ; 0    ; 0            ; |sonar_FSM|sonar:Sonar01|full_adder14:FA140|full_adder5:FA50|full_adder_1_bit:FA1 ; full_adder_1_bit ; work         ;
;             |full_adder_1_bit:FA2| ; 1 (1)               ; 0 (0)                     ; 0           ; 0            ; 0       ; 0         ; 0    ; 0            ; |sonar_FSM|sonar:Sonar01|full_adder14:FA140|full_adder5:FA50|full_adder_1_bit:FA2 ; full_adder_1_bit ; work         ;
;             |full_adder_1_bit:FA3| ; 1 (1)               ; 0 (0)                     ; 0           ; 0            ; 0       ; 0         ; 0    ; 0            ; |sonar_FSM|sonar:Sonar01|full_adder14:FA140|full_adder5:FA50|full_adder_1_bit:FA3 ; full_adder_1_bit ; work         ;
;             |full_adder_1_bit:FA4| ; 2 (2)               ; 0 (0)                     ; 0           ; 0            ; 0       ; 0         ; 0    ; 0            ; |sonar_FSM|sonar:Sonar01|full_adder14:FA140|full_adder5:FA50|full_adder_1_bit:FA4 ; full_adder_1_bit ; work         ;
;          |full_adder8:FA80|        ; 9 (0)               ; 0 (0)                     ; 0           ; 0            ; 0       ; 0         ; 0    ; 0            ; |sonar_FSM|sonar:Sonar01|full_adder14:FA140|full_adder8:FA80                      ; full_adder8      ; work         ;
;             |full_adder_1_bit:FA1| ; 1 (1)               ; 0 (0)                     ; 0           ; 0            ; 0       ; 0         ; 0    ; 0            ; |sonar_FSM|sonar:Sonar01|full_adder14:FA140|full_adder8:FA80|full_adder_1_bit:FA1 ; full_adder_1_bit ; work         ;
;             |full_adder_1_bit:FA2| ; 1 (1)               ; 0 (0)                     ; 0           ; 0            ; 0       ; 0         ; 0    ; 0            ; |sonar_FSM|sonar:Sonar01|full_adder14:FA140|full_adder8:FA80|full_adder_1_bit:FA2 ; full_adder_1_bit ; work         ;
;             |full_adder_1_bit:FA3| ; 2 (2)               ; 0 (0)                     ; 0           ; 0            ; 0       ; 0         ; 0    ; 0            ; |sonar_FSM|sonar:Sonar01|full_adder14:FA140|full_adder8:FA80|full_adder_1_bit:FA3 ; full_adder_1_bit ; work         ;
;             |full_adder_1_bit:FA4| ; 1 (1)               ; 0 (0)                     ; 0           ; 0            ; 0       ; 0         ; 0    ; 0            ; |sonar_FSM|sonar:Sonar01|full_adder14:FA140|full_adder8:FA80|full_adder_1_bit:FA4 ; full_adder_1_bit ; work         ;
;             |full_adder_1_bit:FA5| ; 1 (1)               ; 0 (0)                     ; 0           ; 0            ; 0       ; 0         ; 0    ; 0            ; |sonar_FSM|sonar:Sonar01|full_adder14:FA140|full_adder8:FA80|full_adder_1_bit:FA5 ; full_adder_1_bit ; work         ;
;             |full_adder_1_bit:FA6| ; 2 (2)               ; 0 (0)                     ; 0           ; 0            ; 0       ; 0         ; 0    ; 0            ; |sonar_FSM|sonar:Sonar01|full_adder14:FA140|full_adder8:FA80|full_adder_1_bit:FA6 ; full_adder_1_bit ; work         ;
;             |full_adder_1_bit:FA7| ; 1 (1)               ; 0 (0)                     ; 0           ; 0            ; 0       ; 0         ; 0    ; 0            ; |sonar_FSM|sonar:Sonar01|full_adder14:FA140|full_adder8:FA80|full_adder_1_bit:FA7 ; full_adder_1_bit ; work         ;
;          |full_adder_1_bit:FA0|    ; 1 (1)               ; 0 (0)                     ; 0           ; 0            ; 0       ; 0         ; 0    ; 0            ; |sonar_FSM|sonar:Sonar01|full_adder14:FA140|full_adder_1_bit:FA0                  ; full_adder_1_bit ; work         ;
;       |full_adder5:FA50|           ; 1 (0)               ; 0 (0)                     ; 0           ; 0            ; 0       ; 0         ; 0    ; 0            ; |sonar_FSM|sonar:Sonar01|full_adder5:FA50                                         ; full_adder5      ; work         ;
;          |full_adder_1_bit:FA2|    ; 1 (1)               ; 0 (0)                     ; 0           ; 0            ; 0       ; 0         ; 0    ; 0            ; |sonar_FSM|sonar:Sonar01|full_adder5:FA50|full_adder_1_bit:FA2                    ; full_adder_1_bit ; work         ;
;       |myLatch:ML10|               ; 1 (1)               ; 14 (14)                   ; 0           ; 0            ; 0       ; 0         ; 0    ; 0            ; |sonar_FSM|sonar:Sonar01|myLatch:ML10                                             ; myLatch          ; work         ;
+------------------------------------+---------------------+---------------------------+-------------+--------------+---------+-----------+------+--------------+-----------------------------------------------------------------------------------+------------------+--------------+
Note: For table entries with two numbers listed, the numbers in parentheses indicate the number of resources of the given type used by the specific entity alone. The numbers listed outside of parentheses indicate the total resources of the given type used by the specific entity and all of its sub-entities in the hierarchy.


Encoding Type:  One-Hot
+------------------------------------------------------+
; State Machine - |sonar_FSM|state                     ;
+----------+----------+----------+----------+----------+
; Name     ; state.S3 ; state.S2 ; state.S1 ; state.S0 ;
+----------+----------+----------+----------+----------+
; state.S0 ; 0        ; 0        ; 0        ; 0        ;
; state.S1 ; 0        ; 0        ; 1        ; 1        ;
; state.S2 ; 0        ; 1        ; 0        ; 1        ;
; state.S3 ; 1        ; 0        ; 0        ; 1        ;
+----------+----------+----------+----------+----------+


+------------------------------------------------------------+
; Registers Removed During Synthesis                         ;
+---------------------------------------+--------------------+
; Register name                         ; Reason for Removal ;
+---------------------------------------+--------------------+
; state~2                               ; Lost fanout        ;
; state~3                               ; Lost fanout        ;
; Total Number of Removed Registers = 2 ;                    ;
+---------------------------------------+--------------------+


+------------------------------------------------------+
; General Register Statistics                          ;
+----------------------------------------------+-------+
; Statistic                                    ; Value ;
+----------------------------------------------+-------+
; Total registers                              ; 37    ;
; Number of registers using Synchronous Clear  ; 0     ;
; Number of registers using Synchronous Load   ; 0     ;
; Number of registers using Asynchronous Clear ; 0     ;
; Number of registers using Asynchronous Load  ; 0     ;
; Number of registers using Clock Enable       ; 14    ;
; Number of registers using Preset             ; 0     ;
+----------------------------------------------+-------+


+---------------------------------------------------------------------------------------------------------------------------------------------------------------------+
; Multiplexer Restructuring Statistics (Restructuring Performed)                                                                                                      ;
+--------------------+-----------+---------------+----------------------+------------------------+------------+-------------------------------------------------------+
; Multiplexer Inputs ; Bus Width ; Baseline Area ; Area if Restructured ; Saving if Restructured ; Registered ; Example Multiplexer Output                            ;
+--------------------+-----------+---------------+----------------------+------------------------+------------+-------------------------------------------------------+
; 3:1                ; 14 bits   ; 28 LEs        ; 14 LEs               ; 14 LEs                 ; Yes        ; |sonar_FSM|sonar:Sonar01|DistanceCompteurRegister[13] ;
+--------------------+-----------+---------------+----------------------+------------------------+------------+-------------------------------------------------------+


+---------------------------------------------------------------------------+
; Parameter Settings for User Entity Instance: Top-level Entity: |sonar_FSM ;
+----------------+-------+--------------------------------------------------+
; Parameter Name ; Value ; Type                                             ;
+----------------+-------+--------------------------------------------------+
; S0             ; 00    ; Unsigned Binary                                  ;
; S1             ; 01    ; Unsigned Binary                                  ;
; S2             ; 10    ; Unsigned Binary                                  ;
; S3             ; 11    ; Unsigned Binary                                  ;
+----------------+-------+--------------------------------------------------+
Note: In order to hide this table in the UI and the text report file, please set the "Show Parameter Settings in Synthesis Report" option in "Analysis and Synthesis Settings -> More Settings" to "Off".


+--------------------------------------------------------------+
; Port Connectivity Checks: "sonar:Sonar01|full_adder14:FA140" ;
+----------+-------+----------+--------------------------------+
; Port     ; Type  ; Severity ; Details                        ;
+----------+-------+----------+--------------------------------+
; b[13..1] ; Input ; Info     ; Stuck at GND                   ;
; b[0]     ; Input ; Info     ; Stuck at VCC                   ;
; c_in     ; Input ; Info     ; Stuck at GND                   ;
+----------+-------+----------+--------------------------------+


+-------------------------------------------------------------------------------------------------------------------+
; Port Connectivity Checks: "sonar:Sonar01|full_adder5:FA50"                                                        ;
+---------+--------+----------+-------------------------------------------------------------------------------------+
; Port    ; Type   ; Severity ; Details                                                                             ;
+---------+--------+----------+-------------------------------------------------------------------------------------+
; b[4..1] ; Input  ; Info     ; Stuck at GND                                                                        ;
; b[0]    ; Input  ; Info     ; Stuck at VCC                                                                        ;
; c_in    ; Input  ; Info     ; Stuck at GND                                                                        ;
; c_out   ; Output ; Info     ; Connected to dangling logic. Logic that only feeds a dangling port will be removed. ;
+---------+--------+----------+-------------------------------------------------------------------------------------+


+-----------------------------------------------------+
; Post-Synthesis Netlist Statistics for Top Partition ;
+-----------------------+-----------------------------+
; Type                  ; Count                       ;
+-----------------------+-----------------------------+
; boundary_port         ; 20                          ;
; cycloneiii_ff         ; 37                          ;
;     ENA               ; 14                          ;
;     plain             ; 23                          ;
; cycloneiii_lcell_comb ; 50                          ;
;     normal            ; 50                          ;
;         1 data inputs ; 1                           ;
;         2 data inputs ; 6                           ;
;         3 data inputs ; 22                          ;
;         4 data inputs ; 21                          ;
;                       ;                             ;
; Max LUT depth         ; 5.00                        ;
; Average LUT depth     ; 2.68                        ;
+-----------------------+-----------------------------+


+-------------------------------+
; Elapsed Time Per Partition    ;
+----------------+--------------+
; Partition Name ; Elapsed Time ;
+----------------+--------------+
; Top            ; 00:00:00     ;
+----------------+--------------+


+-------------------------------+
; Analysis & Synthesis Messages ;
+-------------------------------+
Info: *******************************************************************
Info: Running Quartus Prime Analysis & Synthesis
    Info: Version 18.1.0 Build 625 09/12/2018 SJ Lite Edition
    Info: Processing started: Wed Feb 23 23:03:45 2022
Info: Command: quartus_map --read_settings_files=on --write_settings_files=off sonars_de0 -c sonars_de0
Warning (18236): Number of processors has not been specified which may cause overloading on shared machines.  Set the global assignment NUM_PARALLEL_PROCESSORS in your QSF to an appropriate value for best performance.
Info (20030): Parallel compilation is enabled and will use 4 of the 4 processors detected
Info (12021): Found 1 design units, including 1 entities, in source file sonar_fsm_testbench.sv
    Info (12023): Found entity 1: sonar_FSM_testbench File: C:/Users/Insomniaque/Desktop/UCL/Epl/M1-Q2/projet eleme/sensors_blocks/sonar_FSM_testbench.sv Line: 2
Info (12021): Found 1 design units, including 1 entities, in source file sonar_fsm.sv
    Info (12023): Found entity 1: sonar_FSM File: C:/Users/Insomniaque/Desktop/UCL/Epl/M1-Q2/projet eleme/sensors_blocks/sonar_FSM.sv Line: 28
Info (12021): Found 1 design units, including 1 entities, in source file sonar_testbench.sv
    Info (12023): Found entity 1: sonar_testbench File: C:/Users/Insomniaque/Desktop/UCL/Epl/M1-Q2/projet eleme/sensors_blocks/sonar_testbench.sv Line: 2
Info (12021): Found 1 design units, including 1 entities, in source file full_adder5.sv
    Info (12023): Found entity 1: full_adder5 File: C:/Users/Insomniaque/Desktop/UCL/Epl/M1-Q2/projet eleme/sensors_blocks/full_adder5.sv Line: 1
Info (12021): Found 1 design units, including 1 entities, in source file full_adder14.sv
    Info (12023): Found entity 1: full_adder14 File: C:/Users/Insomniaque/Desktop/UCL/Epl/M1-Q2/projet eleme/sensors_blocks/full_adder14.sv Line: 1
Info (12021): Found 2 design units, including 2 entities, in source file sonar.sv
    Info (12023): Found entity 1: sonar File: C:/Users/Insomniaque/Desktop/UCL/Epl/M1-Q2/projet eleme/sensors_blocks/sonar.sv Line: 26
    Info (12023): Found entity 2: myLatch File: C:/Users/Insomniaque/Desktop/UCL/Epl/M1-Q2/projet eleme/sensors_blocks/sonar.sv Line: 76
Info (12021): Found 1 design units, including 1 entities, in source file tristatebuffer.sv
    Info (12023): Found entity 1: tristatebuffer File: C:/Users/Insomniaque/Desktop/UCL/Epl/M1-Q2/projet eleme/sensors_blocks/tristatebuffer.sv Line: 1
Warning (12019): Can't analyze file -- file testbench.sv is missing
Info (12021): Found 1 design units, including 1 entities, in source file myspi.sv
    Info (12023): Found entity 1: spi_slave File: C:/Users/Insomniaque/Desktop/UCL/Epl/M1-Q2/projet eleme/sensors_blocks/MySPI.sv Line: 1
Info (12021): Found 1 design units, including 1 entities, in source file myde0_nano.sv
    Info (12023): Found entity 1: MyDE0_Nano File: C:/Users/Insomniaque/Desktop/UCL/Epl/M1-Q2/projet eleme/sensors_blocks/MyDE0_Nano.sv Line: 6
Info (12021): Found 1 design units, including 1 entities, in source file mux16.sv
    Info (12023): Found entity 1: mux16 File: C:/Users/Insomniaque/Desktop/UCL/Epl/M1-Q2/projet eleme/sensors_blocks/mux16.sv Line: 1
Info (12021): Found 1 design units, including 1 entities, in source file mux4.sv
    Info (12023): Found entity 1: mux4 File: C:/Users/Insomniaque/Desktop/UCL/Epl/M1-Q2/projet eleme/sensors_blocks/mux4.sv Line: 1
Info (12021): Found 1 design units, including 1 entities, in source file homework_4_tb.sv
    Info (12023): Found entity 1: Homework_4_tb File: C:/Users/Insomniaque/Desktop/UCL/Epl/M1-Q2/projet eleme/sensors_blocks/Homework_4_tb.sv Line: 4
Info (12021): Found 1 design units, including 1 entities, in source file homework_4.sv
    Info (12023): Found entity 1: Homework_4 File: C:/Users/Insomniaque/Desktop/UCL/Epl/M1-Q2/projet eleme/sensors_blocks/Homework_4.sv Line: 1
Info (12021): Found 1 design units, including 1 entities, in source file full_adder8.sv
    Info (12023): Found entity 1: full_adder8 File: C:/Users/Insomniaque/Desktop/UCL/Epl/M1-Q2/projet eleme/sensors_blocks/full_adder8.sv Line: 1
Info (12021): Found 1 design units, including 1 entities, in source file full_adder_1_bit.sv
    Info (12023): Found entity 1: full_adder_1_bit File: C:/Users/Insomniaque/Desktop/UCL/Epl/M1-Q2/projet eleme/sensors_blocks/full_adder_1_bit.sv Line: 1
Info (12127): Elaborating entity "sonar_FSM" for the top level hierarchy
Info (12128): Elaborating entity "sonar" for hierarchy "sonar:Sonar01" File: C:/Users/Insomniaque/Desktop/UCL/Epl/M1-Q2/projet eleme/sensors_blocks/sonar_FSM.sv Line: 43
Info (12128): Elaborating entity "full_adder5" for hierarchy "sonar:Sonar01|full_adder5:FA50" File: C:/Users/Insomniaque/Desktop/UCL/Epl/M1-Q2/projet eleme/sensors_blocks/sonar.sv Line: 46
Info (12128): Elaborating entity "full_adder_1_bit" for hierarchy "sonar:Sonar01|full_adder5:FA50|full_adder_1_bit:FA0" File: C:/Users/Insomniaque/Desktop/UCL/Epl/M1-Q2/projet eleme/sensors_blocks/full_adder5.sv Line: 10
Info (12128): Elaborating entity "full_adder14" for hierarchy "sonar:Sonar01|full_adder14:FA140" File: C:/Users/Insomniaque/Desktop/UCL/Epl/M1-Q2/projet eleme/sensors_blocks/sonar.sv Line: 49
Info (12128): Elaborating entity "full_adder8" for hierarchy "sonar:Sonar01|full_adder14:FA140|full_adder8:FA80" File: C:/Users/Insomniaque/Desktop/UCL/Epl/M1-Q2/projet eleme/sensors_blocks/full_adder14.sv Line: 5
Info (12128): Elaborating entity "myLatch" for hierarchy "sonar:Sonar01|myLatch:ML10" File: C:/Users/Insomniaque/Desktop/UCL/Epl/M1-Q2/projet eleme/sensors_blocks/sonar.sv Line: 52
Info (286030): Timing-Driven Synthesis is running
Info (17049): 2 registers lost all their fanouts during netlist optimizations.
Info (144001): Generated suppressed messages file C:/Users/Insomniaque/Desktop/UCL/Epl/M1-Q2/projet eleme/sensors_blocks/output_files/sonars_de0.map.smsg
Info (16010): Generating hard_block partition "hard_block:auto_generated_inst"
    Info (16011): Adding 0 node(s), including 0 DDIO, 0 PLL, 0 transceiver and 0 LCELL
Info (21057): Implemented 78 device resources after synthesis - the final resource count might be different
    Info (21058): Implemented 4 input pins
    Info (21059): Implemented 16 output pins
    Info (21061): Implemented 58 logic cells
Info: Quartus Prime Analysis & Synthesis was successful. 0 errors, 2 warnings
    Info: Peak virtual memory: 4778 megabytes
    Info: Processing ended: Wed Feb 23 23:04:00 2022
    Info: Elapsed time: 00:00:15
    Info: Total CPU time (on all processors): 00:00:32


+------------------------------------------+
; Analysis & Synthesis Suppressed Messages ;
+------------------------------------------+
The suppressed messages can be found in C:/Users/Insomniaque/Desktop/UCL/Epl/M1-Q2/projet eleme/sensors_blocks/output_files/sonars_de0.map.smsg.


