Flow report for sonars_de0
Wed Feb 23 23:04:18 2022
Quartus Prime Version 18.1.0 Build 625 09/12/2018 SJ Lite Edition


---------------------
; Table of Contents ;
---------------------
  1. Legal Notice
  2. Flow Summary
  3. Flow Settings
  4. Flow Non-Default Global Settings
  5. Flow Elapsed Time
  6. Flow OS Summary
  7. Flow Log
  8. Flow Messages
  9. Flow Suppressed Messages



----------------
; Legal Notice ;
----------------
Copyright (C) 2018  Intel Corporation. All rights reserved.
Your use of Intel Corporation's design tools, logic functions 
and other software and tools, and its AMPP partner logic 
functions, and any output files from any of the foregoing 
(including device programming or simulation files), and any 
associated documentation or information are expressly subject 
to the terms and conditions of the Intel Program License 
Subscription Agreement, the Intel Quartus Prime License Agreement,
the Intel FPGA IP License Agreement, or other applicable license
agreement, including, without limitation, that your use is for
the sole purpose of programming logic devices manufactured by
Intel and sold by Intel or its authorized distributors.  Please
refer to the applicable agreement for further details.



+----------------------------------------------------------------------------------+
; Flow Summary                                                                     ;
+------------------------------------+---------------------------------------------+
; Flow Status                        ; Successful - Wed Feb 23 23:04:18 2022       ;
; Quartus Prime Version              ; 18.1.0 Build 625 09/12/2018 SJ Lite Edition ;
; Revision Name                      ; sonars_de0                                  ;
; Top-level Entity Name              ; sonar_FSM                                   ;
; Family                             ; Cyclone IV E                                ;
; Device                             ; EP4CE22F17C6                                ;
; Timing Models                      ; Final                                       ;
; Total logic elements               ; 57 / 22,320 ( < 1 % )                       ;
;     Total combinational functions  ; 50 / 22,320 ( < 1 % )                       ;
;     Dedicated logic registers      ; 37 / 22,320 ( < 1 % )                       ;
; Total registers                    ; 37                                          ;
; Total pins                         ; 20 / 154 ( 13 % )                           ;
; Total virtual pins                 ; 0                                           ;
; Total memory bits                  ; 0 / 608,256 ( 0 % )                         ;
; Embedded Multiplier 9-bit elements ; 0 / 132 ( 0 % )                             ;
; Total PLLs                         ; 0 / 4 ( 0 % )                               ;
+------------------------------------+---------------------------------------------+


+-----------------------------------------+
; Flow Settings                           ;
+-------------------+---------------------+
; Option            ; Setting             ;
+-------------------+---------------------+
; Start date & time ; 02/23/2022 23:03:46 ;
; Main task         ; Compilation         ;
; Revision Name     ; sonars_de0          ;
+-------------------+---------------------+


+-----------------------------------------------------------------------------------------------------------------------------------+
; Flow Non-Default Global Settings                                                                                                  ;
+--------------------------------------+----------------------------------------+---------------+-------------+---------------------+
; Assignment Name                      ; Value                                  ; Default Value ; Entity Name ; Section Id          ;
+--------------------------------------+----------------------------------------+---------------+-------------+---------------------+
; COMPILER_SIGNATURE_ID                ; 220837867624807.164565382616324        ; --            ; --          ; --                  ;
; EDA_DESIGN_INSTANCE_NAME             ; NA                                     ; --            ; --          ; sonar_FSM_testbench ;
; EDA_DESIGN_INSTANCE_NAME             ; NA                                     ; --            ; --          ; sonar_testbench     ;
; EDA_NATIVELINK_SIMULATION_TEST_BENCH ; sonar_FSM_testbench                    ; --            ; --          ; eda_simulation      ;
; EDA_OUTPUT_DATA_FORMAT               ; Systemverilog Hdl                      ; --            ; --          ; eda_simulation      ;
; EDA_SIMULATION_TOOL                  ; ModelSim-Altera (SystemVerilog)        ; <None>        ; --          ; --                  ;
; EDA_TEST_BENCH_ENABLE_STATUS         ; TEST_BENCH_MODE                        ; --            ; --          ; eda_simulation      ;
; EDA_TEST_BENCH_FILE                  ; sonar_FSM_testbench.sv                 ; --            ; --          ; sonar_FSM_testbench ;
; EDA_TEST_BENCH_FILE                  ; sonar_testbench.sv                     ; --            ; --          ; sonar_testbench     ;
; EDA_TEST_BENCH_MODULE_NAME           ; sonar_FSM_testbench                    ; --            ; --          ; sonar_FSM_testbench ;
; EDA_TEST_BENCH_MODULE_NAME           ; sonar_testbench                        ; --            ; --          ; sonar_testbench     ;
; EDA_TEST_BENCH_NAME                  ; sonar_testbench                        ; --            ; --          ; eda_simulation      ;
; EDA_TEST_BENCH_NAME                  ; sonar_FSM_testbench                    ; --            ; --          ; eda_simulation      ;
; EDA_TEST_BENCH_RUN_SIM_FOR           ; 10 us                                  ; --            ; --          ; sonar_FSM_testbench ;
; EDA_TIME_SCALE                       ; 1 ps                                   ; --            ; --          ; eda_simulation      ;
; MAX_CORE_JUNCTION_TEMP               ; 85                                     ; --            ; --          ; --                  ;
; MIN_CORE_JUNCTION_TEMP               ; 0                                      ; --            ; --          ; --                  ;
; NOMINAL_CORE_SUPPLY_VOLTAGE          ; 1.2V                                   ; --            ; --          ; --                  ;
; PARTITION_COLOR                      ; -- (Not supported for targeted family) ; --            ; sonar_FSM   ; Top                 ;
; PARTITION_FITTER_PRESERVATION_LEVEL  ; -- (Not supported for targeted family) ; --            ; sonar_FSM   ; Top                 ;
; PARTITION_NETLIST_TYPE               ; -- (Not supported for targeted family) ; --            ; sonar_FSM   ; Top                 ;
; POWER_BOARD_THERMAL_MODEL            ; None (CONSERVATIVE)                    ; --            ; --          ; --                  ;
; POWER_PRESET_COOLING_SOLUTION        ; 23 MM HEAT SINK WITH 200 LFPM AIRFLOW  ; --            ; --          ; --                  ;
; PROJECT_OUTPUT_DIRECTORY             ; output_files                           ; --            ; --          ; --                  ;
; TOP_LEVEL_ENTITY                     ; sonar_FSM                              ; sonars_de0    ; --          ; --                  ;
+--------------------------------------+----------------------------------------+---------------+-------------+---------------------+


+--------------------------------------------------------------------------------------------------------------------------+
; Flow Elapsed Time                                                                                                        ;
+----------------------+--------------+-------------------------+---------------------+------------------------------------+
; Module Name          ; Elapsed Time ; Average Processors Used ; Peak Virtual Memory ; Total CPU Time (on all processors) ;
+----------------------+--------------+-------------------------+---------------------+------------------------------------+
; Analysis & Synthesis ; 00:00:15     ; 1.0                     ; 4778 MB             ; 00:00:32                           ;
; Fitter               ; 00:00:07     ; 1.0                     ; 5515 MB             ; 00:00:09                           ;
; Assembler            ; 00:00:01     ; 1.0                     ; 4669 MB             ; 00:00:01                           ;
; Timing Analyzer      ; 00:00:03     ; 1.0                     ; 4774 MB             ; 00:00:03                           ;
; EDA Netlist Writer   ; 00:00:02     ; 1.0                     ; 4636 MB             ; 00:00:01                           ;
; Total                ; 00:00:28     ; --                      ; --                  ; 00:00:46                           ;
+----------------------+--------------+-------------------------+---------------------+------------------------------------+


+------------------------------------------------------------------------------------+
; Flow OS Summary                                                                    ;
+----------------------+------------------+------------+------------+----------------+
; Module Name          ; Machine Hostname ; OS Name    ; OS Version ; Processor type ;
+----------------------+------------------+------------+------------+----------------+
; Analysis & Synthesis ; LAPTOP-HCP9FH2A  ; Windows 10 ; 10.0       ; x86_64         ;
; Fitter               ; LAPTOP-HCP9FH2A  ; Windows 10 ; 10.0       ; x86_64         ;
; Assembler            ; LAPTOP-HCP9FH2A  ; Windows 10 ; 10.0       ; x86_64         ;
; Timing Analyzer      ; LAPTOP-HCP9FH2A  ; Windows 10 ; 10.0       ; x86_64         ;
; EDA Netlist Writer   ; LAPTOP-HCP9FH2A  ; Windows 10 ; 10.0       ; x86_64         ;
+----------------------+------------------+------------+------------+----------------+


------------
; Flow Log ;
------------
quartus_map --read_settings_files=on --write_settings_files=off sonars_de0 -c sonars_de0
quartus_fit --read_settings_files=off --write_settings_files=off sonars_de0 -c sonars_de0
quartus_asm --read_settings_files=off --write_settings_files=off sonars_de0 -c sonars_de0
quartus_sta sonars_de0 -c sonars_de0
quartus_eda --read_settings_files=off --write_settings_files=off sonars_de0 -c sonars_de0



