Flow report for DE0_NANO_ENC
<<<<<<< HEAD
Sat Apr 16 10:36:40 2022
=======
Sat Apr 16 09:59:08 2022
>>>>>>> 9ec9239fc542539bbbc855dddfd03fab15873308
Quartus Prime Version 18.1.0 Build 625 09/12/2018 SJ Lite Edition


---------------------
; Table of Contents ;
---------------------
  1. Legal Notice
  2. Flow Summary
  3. Flow Settings
  4. Flow Non-Default Global Settings
  5. Flow Elapsed Time
  6. Flow OS Summary
  7. Flow Log
  8. Flow Messages
  9. Flow Suppressed Messages



----------------
; Legal Notice ;
----------------
Copyright (C) 2018  Intel Corporation. All rights reserved.
Your use of Intel Corporation's design tools, logic functions 
and other software and tools, and its AMPP partner logic 
functions, and any output files from any of the foregoing 
(including device programming or simulation files), and any 
associated documentation or information are expressly subject 
to the terms and conditions of the Intel Program License 
Subscription Agreement, the Intel Quartus Prime License Agreement,
the Intel FPGA IP License Agreement, or other applicable license
agreement, including, without limitation, that your use is for
the sole purpose of programming logic devices manufactured by
Intel and sold by Intel or its authorized distributors.  Please
refer to the applicable agreement for further details.



+----------------------------------------------------------------------------------+
; Flow Summary                                                                     ;
+------------------------------------+---------------------------------------------+
<<<<<<< HEAD
; Flow Status                        ; Successful - Sat Apr 16 10:36:37 2022       ;
=======
; Flow Status                        ; Successful - Sat Apr 16 09:59:01 2022       ;
>>>>>>> 9ec9239fc542539bbbc855dddfd03fab15873308
; Quartus Prime Version              ; 18.1.0 Build 625 09/12/2018 SJ Lite Edition ;
; Revision Name                      ; DE0_NANO_ENC                                ;
; Top-level Entity Name              ; DE0_NANO_ENC                                ;
; Family                             ; Cyclone IV E                                ;
; Device                             ; EP4CE22F17C6                                ;
; Timing Models                      ; Final                                       ;
; Total logic elements               ; 1,283 / 22,320 ( 6 % )                      ;
;     Total combinational functions  ; 1,215 / 22,320 ( 5 % )                      ;
;     Dedicated logic registers      ; 760 / 22,320 ( 3 % )                        ;
; Total registers                    ; 760                                         ;
; Total pins                         ; 83 / 154 ( 54 % )                           ;
; Total virtual pins                 ; 0                                           ;
; Total memory bits                  ; 0 / 608,256 ( 0 % )                         ;
; Embedded Multiplier 9-bit elements ; 0 / 132 ( 0 % )                             ;
; Total PLLs                         ; 0 / 4 ( 0 % )                               ;
+------------------------------------+---------------------------------------------+


+-----------------------------------------+
; Flow Settings                           ;
+-------------------+---------------------+
; Option            ; Setting             ;
+-------------------+---------------------+
<<<<<<< HEAD
; Start date & time ; 04/16/2022 10:36:13 ;
=======
; Start date & time ; 04/16/2022 09:58:08 ;
>>>>>>> 9ec9239fc542539bbbc855dddfd03fab15873308
; Main task         ; Compilation         ;
; Revision Name     ; DE0_NANO_ENC        ;
+-------------------+---------------------+


+-------------------------------------------------------------------------------------------------------------------------+
; Flow Non-Default Global Settings                                                                                        ;
+-------------------------------------+----------------------------------------+---------------+-------------+------------+
; Assignment Name                     ; Value                                  ; Default Value ; Entity Name ; Section Id ;
+-------------------------------------+----------------------------------------+---------------+-------------+------------+
<<<<<<< HEAD
; COMPILER_SIGNATURE_ID               ; 10995770589211.165009817312676         ; --            ; --          ; --         ;
=======
; COMPILER_SIGNATURE_ID               ; 10995770589194.165009588813124         ; --            ; --          ; --         ;
>>>>>>> 9ec9239fc542539bbbc855dddfd03fab15873308
; MAX_CORE_JUNCTION_TEMP              ; 85                                     ; --            ; --          ; --         ;
; MIN_CORE_JUNCTION_TEMP              ; 0                                      ; --            ; --          ; --         ;
; PARTITION_COLOR                     ; -- (Not supported for targeted family) ; --            ; --          ; Top        ;
; PARTITION_FITTER_PRESERVATION_LEVEL ; -- (Not supported for targeted family) ; --            ; --          ; Top        ;
; PARTITION_NETLIST_TYPE              ; -- (Not supported for targeted family) ; --            ; --          ; Top        ;
; POWER_BOARD_THERMAL_MODEL           ; None (CONSERVATIVE)                    ; --            ; --          ; --         ;
; POWER_PRESET_COOLING_SOLUTION       ; 23 MM HEAT SINK WITH 200 LFPM AIRFLOW  ; --            ; --          ; --         ;
+-------------------------------------+----------------------------------------+---------------+-------------+------------+


+--------------------------------------------------------------------------------------------------------------------------+
; Flow Elapsed Time                                                                                                        ;
+----------------------+--------------+-------------------------+---------------------+------------------------------------+
; Module Name          ; Elapsed Time ; Average Processors Used ; Peak Virtual Memory ; Total CPU Time (on all processors) ;
+----------------------+--------------+-------------------------+---------------------+------------------------------------+
<<<<<<< HEAD
; Analysis & Synthesis ; 00:00:12     ; 1.0                     ; 4775 MB             ; 00:00:25                           ;
; Fitter               ; 00:00:07     ; 1.0                     ; 5526 MB             ; 00:00:10                           ;
; Assembler            ; 00:00:01     ; 1.0                     ; 4678 MB             ; 00:00:01                           ;
; Timing Analyzer      ; 00:00:02     ; 1.3                     ; 4788 MB             ; 00:00:03                           ;
; Total                ; 00:00:22     ; --                      ; --                  ; 00:00:39                           ;
=======
; Analysis & Synthesis ; 00:00:28     ; 1.0                     ; 4772 MB             ; 00:00:50                           ;
; Fitter               ; 00:00:19     ; 1.0                     ; 5528 MB             ; 00:00:22                           ;
; Assembler            ; 00:00:03     ; 1.0                     ; 4676 MB             ; 00:00:02                           ;
; Timing Analyzer      ; 00:00:06     ; 1.3                     ; 4788 MB             ; 00:00:06                           ;
; Total                ; 00:00:56     ; --                      ; --                  ; 00:01:20                           ;
>>>>>>> 9ec9239fc542539bbbc855dddfd03fab15873308
+----------------------+--------------+-------------------------+---------------------+------------------------------------+


+------------------------------------------------------------------------------------+
; Flow OS Summary                                                                    ;
+----------------------+------------------+------------+------------+----------------+
; Module Name          ; Machine Hostname ; OS Name    ; OS Version ; Processor type ;
+----------------------+------------------+------------+------------+----------------+
; Analysis & Synthesis ; DESKTOP-1Q6AO2H  ; Windows 10 ; 10.0       ; x86_64         ;
; Fitter               ; DESKTOP-1Q6AO2H  ; Windows 10 ; 10.0       ; x86_64         ;
; Assembler            ; DESKTOP-1Q6AO2H  ; Windows 10 ; 10.0       ; x86_64         ;
; Timing Analyzer      ; DESKTOP-1Q6AO2H  ; Windows 10 ; 10.0       ; x86_64         ;
+----------------------+------------------+------------+------------+----------------+


------------
; Flow Log ;
------------
quartus_map --read_settings_files=on --write_settings_files=off DE0_NANO_ENC -c DE0_NANO_ENC
quartus_fit --read_settings_files=off --write_settings_files=off DE0_NANO_ENC -c DE0_NANO_ENC
quartus_asm --read_settings_files=off --write_settings_files=off DE0_NANO_ENC -c DE0_NANO_ENC
quartus_sta DE0_NANO_ENC -c DE0_NANO_ENC



